<?xml version="1.0" encoding="UTF-8"?>
<!-- Generated by org.testng.reporters.JUnitReportReporter -->
<testsuite hostname="Chandan" failures="0" tests="1" name="sycn.TrelloAutoamtion" time="4.343" errors="0" timestamp="2025-04-08T13:38:13 IST" skipped="0">
  <testcase classname="sycn.TrelloAutoamtion" name="verifyDropDownVisibility" time="4.343"/>
  <system-out>
    <![CDATA[The Preferred Pronoun ListBox is visible in the webpage as per the design]]>
  </system-out>
</testsuite> <!-- sycn.TrelloAutoamtion -->
