<?xml version="1.0" encoding="UTF-8"?>
<!-- Generated by org.testng.reporters.JUnitReportReporter -->
<testsuite hostname="Chandan" failures="0" tests="1" name="practicactions.ChekActions" time="3.223" errors="0" timestamp="2025-04-16T14:12:30 IST" skipped="0">
  <testcase classname="practicactions.ChekActions" name="dragAndDropPractice" time="3.223"/>
  <system-out/>
</testsuite> <!-- practicactions.ChekActions -->
