<?xml version="1.0" encoding="UTF-8"?>
<!-- Generated by org.testng.reporters.JUnitReportReporter -->
<testsuite hostname="Chandan" failures="0" tests="1" name="practicewebelement.PracticeWebElemement" time="12.951" errors="0" timestamp="2025-03-25T14:17:43 IST" skipped="0">
  <testcase classname="practicewebelement.PracticeWebElemement" name="usageOfGetSize" time="12.951"/>
  <system-out/>
</testsuite> <!-- practicewebelement.PracticeWebElemement -->
