<?xml version="1.0" encoding="UTF-8"?>
<!-- Generated by org.testng.reporters.JUnitReportReporter -->
<testsuite hostname="Chandan" failures="0" tests="1" name="dealwithdropdown.HandlingDropDown" time="3.196" errors="0" timestamp="2025-04-01T12:57:12 IST" skipped="0">
  <testcase classname="dealwithdropdown.HandlingDropDown" name="typeOfDropdown" time="3.196"/>
  <system-out/>
</testsuite> <!-- dealwithdropdown.HandlingDropDown -->
