<?xml version="1.0" encoding="UTF-8"?>
<!-- Generated by org.testng.reporters.JUnitReportReporter -->
<testsuite hostname="Chandan" failures="0" tests="1" name="snap.TakeSnap" time="2.853" errors="0" timestamp="2025-04-03T13:31:09 IST" skipped="0">
  <testcase classname="snap.TakeSnap" name="webPageScreenShot" time="2.853"/>
  <system-out/>
</testsuite> <!-- snap.TakeSnap -->
