<?xml version="1.0" encoding="UTF-8"?>
<!-- Generated by org.testng.reporters.JUnitReportReporter -->
<testsuite hostname="Chandan" failures="0" tests="1" name="datadriventestingpractice.CheckDropDown" time="7.534" errors="0" timestamp="2025-04-02T13:25:04 IST" skipped="0">
  <testcase classname="datadriventestingpractice.CheckDropDown" name="checkOptionsOrder" time="7.534"/>
  <system-out/>
</testsuite> <!-- datadriventestingpractice.CheckDropDown -->
